2022-07-21 17:27:36 [main] INFO  c.e.e.EnterpriseTalentManagementApplication - Starting EnterpriseTalentManagementApplication using Java 1.8.0_321 on Kui with PID 9380 (C:\IDEA\springboot\EnterpriseTalentManagement\target\classes started by 54463 in C:\IDEA\springboot\EnterpriseTalentManagement)
2022-07-21 17:27:36 [main] INFO  c.e.e.EnterpriseTalentManagementApplication - No active profile set, falling back to 1 default profile: "default"
2022-07-21 17:27:37 [main] INFO  o.s.boot.web.embedded.tomcat.TomcatWebServer - Tomcat initialized with port(s): 8080 (http)
2022-07-21 17:27:37 [main] INFO  org.apache.coyote.http11.Http11NioProtocol - Initializing ProtocolHandler ["http-nio-8080"]
2022-07-21 17:27:37 [main] INFO  org.apache.catalina.core.StandardService - Starting service [Tomcat]
2022-07-21 17:27:37 [main] INFO  org.apache.catalina.core.StandardEngine - Starting Servlet engine: [Apache Tomcat/9.0.64]
2022-07-21 17:27:38 [main] INFO  org.apache.jasper.servlet.TldScanner - At least one JAR was scanned for TLDs yet contained no TLDs. Enable debug logging for this logger for a complete list of JARs that were scanned but no TLDs were found in them. Skipping unneeded JARs during scanning can improve startup time and JSP compilation time.
2022-07-21 17:27:38 [main] INFO  o.a.c.core.ContainerBase.[Tomcat].[localhost].[/] - Initializing Spring embedded WebApplicationContext
2022-07-21 17:27:38 [main] INFO  o.s.b.w.s.c.ServletWebServerApplicationContext - Root WebApplicationContext: initialization completed in 1008 ms
2022-07-21 17:27:38 [main] INFO  o.s.b.a.web.servlet.WelcomePageHandlerMapping - Adding welcome page template: index
2022-07-21 17:27:38 [main] INFO  org.apache.coyote.http11.Http11NioProtocol - Starting ProtocolHandler ["http-nio-8080"]
2022-07-21 17:27:38 [main] INFO  o.s.boot.web.embedded.tomcat.TomcatWebServer - Tomcat started on port(s): 8080 (http) with context path ''
2022-07-21 17:27:38 [main] INFO  c.e.e.EnterpriseTalentManagementApplication - Started EnterpriseTalentManagementApplication in 2.068 seconds (JVM running for 2.785)
2022-07-21 17:27:46 [http-nio-8080-exec-1] INFO  o.a.c.core.ContainerBase.[Tomcat].[localhost].[/] - Initializing Spring DispatcherServlet 'dispatcherServlet'
2022-07-21 17:27:46 [http-nio-8080-exec-1] INFO  org.springframework.web.servlet.DispatcherServlet - Initializing Servlet 'dispatcherServlet'
2022-07-21 17:27:46 [http-nio-8080-exec-1] INFO  org.springframework.web.servlet.DispatcherServlet - Completed initialization in 1 ms
2022-07-21 17:27:46 [http-nio-8080-exec-1] INFO  com.zaxxer.hikari.HikariDataSource - HikariPool-1 - Starting...
2022-07-21 17:27:46 [http-nio-8080-exec-1] INFO  com.zaxxer.hikari.HikariDataSource - HikariPool-1 - Start completed.
2022-07-21 17:28:25 [SpringApplicationShutdownHook] INFO  com.zaxxer.hikari.HikariDataSource - HikariPool-1 - Shutdown initiated...
2022-07-21 17:28:25 [SpringApplicationShutdownHook] INFO  com.zaxxer.hikari.HikariDataSource - HikariPool-1 - Shutdown completed.
2022-07-21 17:35:13 [main] INFO  c.e.e.EnterpriseTalentManagementApplication - Starting EnterpriseTalentManagementApplication using Java 1.8.0_321 on Kui with PID 6504 (C:\IDEA\springboot\EnterpriseTalentManagement\target\classes started by 54463 in C:\IDEA\springboot\EnterpriseTalentManagement)
2022-07-21 17:35:13 [main] INFO  c.e.e.EnterpriseTalentManagementApplication - No active profile set, falling back to 1 default profile: "default"
2022-07-21 17:35:14 [main] INFO  o.s.boot.web.embedded.tomcat.TomcatWebServer - Tomcat initialized with port(s): 8080 (http)
2022-07-21 17:35:14 [main] INFO  org.apache.coyote.http11.Http11NioProtocol - Initializing ProtocolHandler ["http-nio-8080"]
2022-07-21 17:35:14 [main] INFO  org.apache.catalina.core.StandardService - Starting service [Tomcat]
2022-07-21 17:35:14 [main] INFO  org.apache.catalina.core.StandardEngine - Starting Servlet engine: [Apache Tomcat/9.0.64]
2022-07-21 17:35:14 [main] INFO  org.apache.jasper.servlet.TldScanner - At least one JAR was scanned for TLDs yet contained no TLDs. Enable debug logging for this logger for a complete list of JARs that were scanned but no TLDs were found in them. Skipping unneeded JARs during scanning can improve startup time and JSP compilation time.
2022-07-21 17:35:14 [main] INFO  o.a.c.core.ContainerBase.[Tomcat].[localhost].[/] - Initializing Spring embedded WebApplicationContext
2022-07-21 17:35:14 [main] INFO  o.s.b.w.s.c.ServletWebServerApplicationContext - Root WebApplicationContext: initialization completed in 980 ms
2022-07-21 17:35:14 [main] INFO  o.s.b.a.web.servlet.WelcomePageHandlerMapping - Adding welcome page template: index
2022-07-21 17:35:14 [main] INFO  org.apache.coyote.http11.Http11NioProtocol - Starting ProtocolHandler ["http-nio-8080"]
2022-07-21 17:35:14 [main] INFO  o.s.boot.web.embedded.tomcat.TomcatWebServer - Tomcat started on port(s): 8080 (http) with context path ''
2022-07-21 17:35:14 [main] INFO  c.e.e.EnterpriseTalentManagementApplication - Started EnterpriseTalentManagementApplication in 2.004 seconds (JVM running for 2.75)
2022-07-21 17:35:20 [http-nio-8080-exec-2] INFO  o.a.c.core.ContainerBase.[Tomcat].[localhost].[/] - Initializing Spring DispatcherServlet 'dispatcherServlet'
2022-07-21 17:35:20 [http-nio-8080-exec-2] INFO  org.springframework.web.servlet.DispatcherServlet - Initializing Servlet 'dispatcherServlet'
2022-07-21 17:35:20 [http-nio-8080-exec-2] INFO  org.springframework.web.servlet.DispatcherServlet - Completed initialization in 1 ms
2022-07-21 17:35:20 [http-nio-8080-exec-2] INFO  com.zaxxer.hikari.HikariDataSource - HikariPool-1 - Starting...
2022-07-21 17:35:21 [http-nio-8080-exec-2] INFO  com.zaxxer.hikari.HikariDataSource - HikariPool-1 - Start completed.
2022-07-21 17:35:24 [SpringApplicationShutdownHook] INFO  com.zaxxer.hikari.HikariDataSource - HikariPool-1 - Shutdown initiated...
2022-07-21 17:35:24 [SpringApplicationShutdownHook] INFO  com.zaxxer.hikari.HikariDataSource - HikariPool-1 - Shutdown completed.
